2020-07-09 23:09:01 TRACE UserOracle:56 - Retrieving person by username and password
2020-07-09 23:09:04 TRACE UserOracle:84 - Cannot find person with username and password
2020-07-09 23:09:33 TRACE UserOracle:56 - Retrieving person by username and password
2020-07-09 23:09:35 TRACE UserOracle:84 - Cannot find person with username and password
2020-07-09 23:11:35 TRACE UserOracle:56 - Retrieving person by username and password
2020-07-09 23:11:36 TRACE UserOracle:66 - Person with username jordythen was found!
2020-07-09 23:11:36 TRACE UserOracle:70 - This person is a customer
2020-07-09 23:13:33 TRACE UserOracle:56 - Retrieving person by username and password
2020-07-09 23:13:35 TRACE UserOracle:66 - Person with username jordythen was found!
2020-07-09 23:13:35 TRACE UserOracle:70 - This person is a customer
2020-07-09 23:16:26 TRACE UserOracle:56 - Retrieving person by username and password
2020-07-09 23:16:28 TRACE UserOracle:66 - Person with username jordythen was found!
2020-07-09 23:16:28 TRACE UserOracle:70 - This person is a customer
2020-07-09 23:24:34 TRACE UserController:62 - User is not in session, attempting to log in with username jordythen and password pass
2020-07-09 23:24:34 TRACE UserOracle:56 - Retrieving person by username and password
2020-07-09 23:24:35 TRACE UserOracle:66 - Person with username jordythen was found!
2020-07-09 23:24:35 TRACE UserOracle:70 - This person is a customer
2020-07-09 23:24:35 INFO  UserController:65 - User was found!
2020-07-10 00:04:17 INFO  UserController:36 - Checking to see if Customer session is occupied
2020-07-10 00:04:17 TRACE UserController:41 - user is not logged in
2020-07-10 00:06:19 INFO  UserController:36 - Checking to see if Customer session is occupied
2020-07-10 00:06:19 TRACE UserController:41 - user is not logged in
2020-07-10 00:06:26 INFO  UserController:36 - Checking to see if Customer session is occupied
2020-07-10 00:06:26 TRACE UserController:41 - user is not logged in
2020-07-10 00:06:32 INFO  UserController:36 - Checking to see if Customer session is occupied
2020-07-10 00:06:32 TRACE UserController:41 - user is not logged in
2020-07-10 00:08:11 INFO  UserController:36 - Checking to see if Customer session is occupied
2020-07-10 00:08:11 TRACE UserController:41 - user is not logged in
2020-07-10 00:08:13 INFO  UserController:36 - Checking to see if Customer session is occupied
2020-07-10 00:08:13 TRACE UserController:41 - user is not logged in
2020-07-10 00:08:37 INFO  UserController:36 - Checking to see if Customer session is occupied
2020-07-10 00:08:37 TRACE UserController:41 - user is not logged in
2020-07-10 00:08:43 INFO  UserController:36 - Checking to see if Customer session is occupied
2020-07-10 00:08:43 TRACE UserController:41 - user is not logged in
2020-07-10 00:10:56 INFO  UserController:36 - Checking to see if Customer session is occupied
2020-07-10 00:10:56 TRACE UserController:41 - user is not logged in
2020-07-10 00:11:04 INFO  UserController:36 - Checking to see if Customer session is occupied
2020-07-10 00:11:04 TRACE UserController:41 - user is not logged in
2020-07-10 00:13:48 INFO  UserController:36 - Checking to see if Customer session is occupied
2020-07-10 00:13:48 TRACE UserController:41 - user is not logged in
2020-07-10 00:13:55 INFO  UserController:36 - Checking to see if Customer session is occupied
2020-07-10 00:13:55 TRACE UserController:41 - user is not logged in
2020-07-10 00:17:52 INFO  UserController:36 - Checking to see if Customer session is occupied
2020-07-10 00:17:52 TRACE UserController:41 - user is not logged in
2020-07-10 00:18:00 INFO  UserController:36 - Checking to see if Customer session is occupied
2020-07-10 00:18:00 TRACE UserController:41 - user is not logged in
2020-07-10 00:20:19 INFO  UserController:36 - Checking to see if Customer session is occupied
2020-07-10 00:20:19 TRACE UserController:41 - user is not logged in
2020-07-10 00:20:24 INFO  UserController:36 - Checking to see if Customer session is occupied
2020-07-10 00:20:24 TRACE UserController:41 - user is not logged in
2020-07-10 00:21:41 INFO  UserController:36 - Checking to see if Customer session is occupied
2020-07-10 00:21:41 TRACE UserController:41 - user is not logged in
2020-07-10 00:21:46 INFO  UserController:36 - Checking to see if Customer session is occupied
2020-07-10 00:21:46 TRACE UserController:41 - user is not logged in
2020-07-10 00:33:44 INFO  UserController:36 - Checking to see if Customer session is occupied
2020-07-10 00:33:44 TRACE UserController:41 - user is not logged in
2020-07-10 00:33:49 TRACE UserController:62 - User is not in session, attempting to log in with username jordythen and password pass
2020-07-10 00:33:49 TRACE UserOracle:56 - Retrieving person by username and password
2020-07-10 00:33:50 TRACE UserOracle:66 - Person with username jordythen was found!
2020-07-10 00:33:50 TRACE UserOracle:70 - This person is a customer
2020-07-10 00:33:50 INFO  UserController:65 - User was found!
2020-07-10 00:33:52 INFO  UserController:36 - Checking to see if Customer session is occupied
2020-07-10 00:33:52 TRACE UserController:39 - user already logged in
2020-07-10 00:51:35 INFO  UserController:36 - Checking to see if Customer session is occupied
2020-07-10 00:51:35 TRACE UserController:39 - user already logged in
2020-07-10 00:51:40 INFO  UserController:36 - Checking to see if Customer session is occupied
2020-07-10 00:51:40 TRACE UserController:39 - user already logged in
2020-07-10 00:51:41 INFO  UserController:36 - Checking to see if Customer session is occupied
2020-07-10 00:51:41 TRACE UserController:39 - user already logged in
2020-07-10 00:51:41 INFO  UserController:36 - Checking to see if Customer session is occupied
2020-07-10 00:51:41 TRACE UserController:39 - user already logged in
2020-07-10 00:51:45 INFO  UserController:78 - User has been logged out
2020-07-10 00:51:46 INFO  UserController:36 - Checking to see if Customer session is occupied
2020-07-10 00:51:46 TRACE UserController:41 - user is not logged in
2020-07-10 00:51:46 INFO  UserController:36 - Checking to see if Customer session is occupied
2020-07-10 00:51:46 TRACE UserController:41 - user is not logged in
2020-07-10 00:51:49 TRACE UserController:62 - User is not in session, attempting to log in with username jordythen and password pass
2020-07-10 00:51:49 TRACE UserOracle:56 - Retrieving person by username and password
2020-07-10 00:51:50 TRACE UserOracle:66 - Person with username jordythen was found!
2020-07-10 00:51:50 TRACE UserOracle:70 - This person is a customer
2020-07-10 00:51:50 INFO  UserController:65 - User was found!
2020-07-10 00:51:51 INFO  UserController:36 - Checking to see if Customer session is occupied
2020-07-10 00:51:51 TRACE UserController:39 - user already logged in
2020-07-10 00:51:51 INFO  UserController:36 - Checking to see if Customer session is occupied
2020-07-10 00:51:51 TRACE UserController:39 - user already logged in
2020-07-10 00:51:54 INFO  UserController:78 - User has been logged out
2020-07-10 00:51:55 INFO  UserController:36 - Checking to see if Customer session is occupied
2020-07-10 00:51:55 TRACE UserController:41 - user is not logged in
2020-07-10 00:51:55 INFO  UserController:36 - Checking to see if Customer session is occupied
2020-07-10 00:51:55 TRACE UserController:41 - user is not logged in
2020-07-10 00:57:51 INFO  UserController:36 - Checking to see if Customer session is occupied
2020-07-10 00:57:51 TRACE UserController:41 - user is not logged in
2020-07-10 00:57:51 INFO  UserController:36 - Checking to see if Customer session is occupied
2020-07-10 00:57:51 TRACE UserController:41 - user is not logged in
2020-07-10 00:58:16 INFO  UserController:36 - Checking to see if Customer session is occupied
2020-07-10 00:58:16 TRACE UserController:41 - user is not logged in
2020-07-10 00:58:16 INFO  UserController:36 - Checking to see if Customer session is occupied
2020-07-10 00:58:16 TRACE UserController:41 - user is not logged in
2020-07-10 12:30:17 INFO  UserController:36 - Checking to see if Customer session is occupied
2020-07-10 12:30:17 TRACE UserController:41 - user is not logged in
2020-07-10 12:30:17 INFO  UserController:36 - Checking to see if Customer session is occupied
2020-07-10 12:30:17 TRACE UserController:41 - user is not logged in
2020-07-10 12:32:28 TRACE UserController:62 - User is not in session, attempting to log in with username jordythen and password pass
2020-07-10 12:32:28 TRACE UserOracle:56 - Retrieving person by username and password
2020-07-10 12:32:28 TRACE UserOracle:66 - Person with username jordythen was found!
2020-07-10 12:32:28 TRACE UserOracle:70 - This person is a customer
2020-07-10 12:32:28 INFO  UserController:65 - User was found!
2020-07-10 12:32:29 INFO  UserController:36 - Checking to see if Customer session is occupied
2020-07-10 12:32:29 TRACE UserController:39 - user already logged in
2020-07-10 12:32:29 INFO  UserController:36 - Checking to see if Customer session is occupied
2020-07-10 12:32:29 TRACE UserController:39 - user already logged in
2020-07-10 12:32:35 INFO  UserController:78 - User has been logged out
2020-07-10 12:32:35 INFO  UserController:36 - Checking to see if Customer session is occupied
2020-07-10 12:32:35 TRACE UserController:41 - user is not logged in
2020-07-10 12:32:35 INFO  UserController:36 - Checking to see if Customer session is occupied
2020-07-10 12:32:35 TRACE UserController:41 - user is not logged in
2020-07-10 12:37:50 TRACE UserController:62 - User is not in session, attempting to log in with username jordythen and password pass
2020-07-10 12:37:50 TRACE UserOracle:56 - Retrieving person by username and password
2020-07-10 12:37:51 TRACE UserOracle:66 - Person with username jordythen was found!
2020-07-10 12:37:51 TRACE UserOracle:70 - This person is a customer
2020-07-10 12:37:51 INFO  UserController:65 - User was found!
2020-07-10 12:37:51 INFO  UserController:36 - Checking to see if Customer session is occupied
2020-07-10 12:37:51 TRACE UserController:39 - user already logged in
2020-07-10 12:37:51 INFO  UserController:36 - Checking to see if Customer session is occupied
2020-07-10 12:37:51 TRACE UserController:39 - user already logged in
2020-07-10 12:37:55 INFO  UserController:78 - User has been logged out
2020-07-10 12:37:55 INFO  UserController:36 - Checking to see if Customer session is occupied
2020-07-10 12:37:55 TRACE UserController:41 - user is not logged in
2020-07-10 12:37:55 INFO  UserController:36 - Checking to see if Customer session is occupied
2020-07-10 12:37:55 TRACE UserController:41 - user is not logged in
2020-07-10 12:52:05 TRACE UserController:62 - User is not in session, attempting to log in with username jordythen and password pass
2020-07-10 12:52:05 TRACE UserOracle:56 - Retrieving person by username and password
2020-07-10 12:52:05 TRACE UserOracle:66 - Person with username jordythen was found!
2020-07-10 12:52:05 TRACE UserOracle:70 - This person is a customer
2020-07-10 12:52:05 INFO  UserController:65 - User was found!
2020-07-10 12:52:06 INFO  UserController:36 - Checking to see if Customer session is occupied
2020-07-10 12:52:06 TRACE UserController:39 - user already logged in
2020-07-10 12:52:06 INFO  UserController:36 - Checking to see if Customer session is occupied
2020-07-10 12:52:06 TRACE UserController:39 - user already logged in
2020-07-10 12:52:17 INFO  UserController:78 - User has been logged out
2020-07-10 12:52:18 INFO  UserController:36 - Checking to see if Customer session is occupied
2020-07-10 12:52:18 TRACE UserController:41 - user is not logged in
2020-07-10 12:52:18 INFO  UserController:36 - Checking to see if Customer session is occupied
2020-07-10 12:52:18 TRACE UserController:41 - user is not logged in
2020-07-10 13:21:26 INFO  UserController:36 - Checking to see if Customer session is occupied
2020-07-10 13:21:26 TRACE UserController:41 - user is not logged in
2020-07-10 13:21:26 INFO  UserController:36 - Checking to see if Customer session is occupied
2020-07-10 13:21:26 TRACE UserController:41 - user is not logged in
2020-07-10 13:22:39 INFO  UserController:36 - Checking to see if Customer session is occupied
2020-07-10 13:22:39 TRACE UserController:41 - user is not logged in
2020-07-10 13:22:39 INFO  UserController:36 - Checking to see if Customer session is occupied
2020-07-10 13:22:39 TRACE UserController:41 - user is not logged in
2020-07-10 13:23:21 INFO  UserController:36 - Checking to see if Customer session is occupied
2020-07-10 13:23:21 TRACE UserController:41 - user is not logged in
2020-07-10 13:23:21 INFO  UserController:36 - Checking to see if Customer session is occupied
2020-07-10 13:23:21 TRACE UserController:41 - user is not logged in
2020-07-10 13:23:24 INFO  UserController:36 - Checking to see if Customer session is occupied
2020-07-10 13:23:24 TRACE UserController:41 - user is not logged in
2020-07-10 13:23:24 INFO  UserController:36 - Checking to see if Customer session is occupied
2020-07-10 13:23:24 TRACE UserController:41 - user is not logged in
2020-07-10 13:23:26 INFO  UserController:36 - Checking to see if Customer session is occupied
2020-07-10 13:23:26 TRACE UserController:41 - user is not logged in
2020-07-10 13:23:26 INFO  UserController:36 - Checking to see if Customer session is occupied
2020-07-10 13:23:26 TRACE UserController:41 - user is not logged in
2020-07-10 13:27:07 INFO  UserController:36 - Checking to see if Customer session is occupied
2020-07-10 13:27:07 TRACE UserController:41 - user is not logged in
2020-07-10 13:27:07 INFO  UserController:36 - Checking to see if Customer session is occupied
2020-07-10 13:27:07 TRACE UserController:41 - user is not logged in
2020-07-10 13:27:14 INFO  UserController:36 - Checking to see if Customer session is occupied
2020-07-10 13:27:14 TRACE UserController:41 - user is not logged in
2020-07-10 13:27:14 INFO  UserController:36 - Checking to see if Customer session is occupied
2020-07-10 13:27:14 TRACE UserController:41 - user is not logged in
2020-07-10 13:27:21 INFO  UserController:36 - Checking to see if Customer session is occupied
2020-07-10 13:27:21 TRACE UserController:41 - user is not logged in
2020-07-10 13:27:22 INFO  UserController:36 - Checking to see if Customer session is occupied
2020-07-10 13:27:22 TRACE UserController:41 - user is not logged in
2020-07-10 13:27:28 INFO  UserController:36 - Checking to see if Customer session is occupied
2020-07-10 13:27:28 TRACE UserController:41 - user is not logged in
2020-07-10 13:27:28 INFO  UserController:36 - Checking to see if Customer session is occupied
2020-07-10 13:27:28 TRACE UserController:41 - user is not logged in
2020-07-10 13:27:38 INFO  UserController:36 - Checking to see if Customer session is occupied
2020-07-10 13:27:38 TRACE UserController:41 - user is not logged in
2020-07-10 13:27:38 INFO  UserController:36 - Checking to see if Customer session is occupied
2020-07-10 13:27:38 TRACE UserController:41 - user is not logged in
2020-07-10 13:27:42 INFO  UserController:36 - Checking to see if Customer session is occupied
2020-07-10 13:27:42 TRACE UserController:41 - user is not logged in
2020-07-10 13:27:42 INFO  UserController:36 - Checking to see if Customer session is occupied
2020-07-10 13:27:42 TRACE UserController:41 - user is not logged in
2020-07-10 13:27:53 INFO  UserController:36 - Checking to see if Customer session is occupied
2020-07-10 13:27:53 TRACE UserController:41 - user is not logged in
2020-07-10 13:27:53 INFO  UserController:36 - Checking to see if Customer session is occupied
2020-07-10 13:27:53 TRACE UserController:41 - user is not logged in
2020-07-10 13:28:02 INFO  UserController:36 - Checking to see if Customer session is occupied
2020-07-10 13:28:02 TRACE UserController:41 - user is not logged in
2020-07-10 13:28:02 INFO  UserController:36 - Checking to see if Customer session is occupied
2020-07-10 13:28:02 TRACE UserController:41 - user is not logged in
2020-07-10 13:28:09 INFO  UserController:36 - Checking to see if Customer session is occupied
2020-07-10 13:28:09 TRACE UserController:41 - user is not logged in
2020-07-10 13:28:09 INFO  UserController:36 - Checking to see if Customer session is occupied
2020-07-10 13:28:09 TRACE UserController:41 - user is not logged in
2020-07-10 13:28:21 INFO  UserController:36 - Checking to see if Customer session is occupied
2020-07-10 13:28:21 TRACE UserController:41 - user is not logged in
2020-07-10 13:28:21 INFO  UserController:36 - Checking to see if Customer session is occupied
2020-07-10 13:28:21 TRACE UserController:41 - user is not logged in
2020-07-10 13:29:06 INFO  UserController:36 - Checking to see if Customer session is occupied
2020-07-10 13:29:06 TRACE UserController:41 - user is not logged in
2020-07-10 13:29:06 INFO  UserController:36 - Checking to see if Customer session is occupied
2020-07-10 13:29:06 TRACE UserController:41 - user is not logged in
2020-07-10 13:29:17 INFO  UserController:36 - Checking to see if Customer session is occupied
2020-07-10 13:29:17 TRACE UserController:41 - user is not logged in
2020-07-10 13:29:17 INFO  UserController:36 - Checking to see if Customer session is occupied
2020-07-10 13:29:17 TRACE UserController:41 - user is not logged in
2020-07-10 13:29:33 INFO  UserController:36 - Checking to see if Customer session is occupied
2020-07-10 13:29:33 TRACE UserController:41 - user is not logged in
2020-07-10 13:29:33 INFO  UserController:36 - Checking to see if Customer session is occupied
2020-07-10 13:29:33 TRACE UserController:41 - user is not logged in
2020-07-10 13:30:09 INFO  UserController:36 - Checking to see if Customer session is occupied
2020-07-10 13:30:09 TRACE UserController:41 - user is not logged in
2020-07-10 13:30:10 INFO  UserController:36 - Checking to see if Customer session is occupied
2020-07-10 13:30:10 TRACE UserController:41 - user is not logged in
2020-07-10 13:30:26 INFO  UserController:36 - Checking to see if Customer session is occupied
2020-07-10 13:30:26 TRACE UserController:41 - user is not logged in
2020-07-10 13:30:26 INFO  UserController:36 - Checking to see if Customer session is occupied
2020-07-10 13:30:26 TRACE UserController:41 - user is not logged in
2020-07-10 13:30:36 TRACE UserController:62 - User is not in session, attempting to log in with username jordythen and password pass
2020-07-10 13:30:36 TRACE UserOracle:56 - Retrieving person by username and password
2020-07-10 13:30:36 TRACE UserOracle:66 - Person with username jordythen was found!
2020-07-10 13:30:36 TRACE UserOracle:70 - This person is a customer
2020-07-10 13:30:36 INFO  UserController:65 - User was found!
2020-07-10 13:30:37 INFO  UserController:36 - Checking to see if Customer session is occupied
2020-07-10 13:30:37 TRACE UserController:39 - user already logged in
2020-07-10 13:30:37 INFO  UserController:36 - Checking to see if Customer session is occupied
2020-07-10 13:30:37 TRACE UserController:39 - user already logged in
2020-07-10 13:30:44 INFO  UserController:78 - User has been logged out
2020-07-10 13:30:44 INFO  UserController:36 - Checking to see if Customer session is occupied
2020-07-10 13:30:44 TRACE UserController:41 - user is not logged in
2020-07-10 13:30:44 INFO  UserController:36 - Checking to see if Customer session is occupied
2020-07-10 13:30:44 TRACE UserController:41 - user is not logged in
2020-07-10 13:53:21 TRACE UserController:62 - User is not in session, attempting to log in with username jordythen and password pass
2020-07-10 13:53:21 TRACE UserOracle:56 - Retrieving person by username and password
2020-07-10 13:53:21 TRACE UserOracle:66 - Person with username jordythen was found!
2020-07-10 13:53:21 TRACE UserOracle:70 - This person is a customer
2020-07-10 13:53:21 INFO  UserController:65 - User was found!
2020-07-10 13:53:22 INFO  UserController:36 - Checking to see if Customer session is occupied
2020-07-10 13:53:22 TRACE UserController:39 - user already logged in
2020-07-10 13:53:22 INFO  UserController:36 - Checking to see if Customer session is occupied
2020-07-10 13:53:22 TRACE UserController:39 - user already logged in
2020-07-10 13:53:57 INFO  UserController:78 - User has been logged out
2020-07-10 13:53:58 INFO  UserController:36 - Checking to see if Customer session is occupied
2020-07-10 13:53:58 TRACE UserController:41 - user is not logged in
2020-07-10 13:53:58 INFO  UserController:36 - Checking to see if Customer session is occupied
2020-07-10 13:53:58 TRACE UserController:41 - user is not logged in
2020-07-10 22:20:52 TRACE UserController:62 - User is not in session, attempting to log in with username jordythen and password pass
2020-07-10 22:20:52 TRACE UserOracle:56 - Retrieving person by username and password
2020-07-10 22:20:53 TRACE UserOracle:66 - Person with username jordythen was found!
2020-07-10 22:20:53 TRACE UserOracle:70 - This person is a customer
2020-07-10 22:20:53 INFO  UserController:65 - User was found!
2020-07-10 22:20:54 INFO  UserController:36 - Checking to see if Customer session is occupied
2020-07-10 22:20:54 TRACE UserController:39 - user already logged in
2020-07-10 22:20:54 INFO  UserController:36 - Checking to see if Customer session is occupied
2020-07-10 22:20:54 TRACE UserController:39 - user already logged in
2020-07-10 22:22:12 INFO  UserController:36 - Checking to see if Customer session is occupied
2020-07-10 22:22:12 TRACE UserController:39 - user already logged in
2020-07-10 22:22:12 INFO  UserController:36 - Checking to see if Customer session is occupied
2020-07-10 22:22:12 TRACE UserController:39 - user already logged in
2020-07-10 22:22:15 INFO  UserController:36 - Checking to see if Customer session is occupied
2020-07-10 22:22:15 TRACE UserController:39 - user already logged in
2020-07-10 22:22:19 INFO  UserController:36 - Checking to see if Customer session is occupied
2020-07-10 22:22:19 TRACE UserController:39 - user already logged in
2020-07-10 22:22:19 INFO  UserController:36 - Checking to see if Customer session is occupied
2020-07-10 22:22:19 TRACE UserController:39 - user already logged in
2020-07-10 22:22:22 INFO  UserController:36 - Checking to see if Customer session is occupied
2020-07-10 22:22:22 TRACE UserController:39 - user already logged in
2020-07-10 22:22:22 INFO  UserController:36 - Checking to see if Customer session is occupied
2020-07-10 22:22:22 TRACE UserController:39 - user already logged in
2020-07-10 22:22:26 INFO  UserController:36 - Checking to see if Customer session is occupied
2020-07-10 22:22:26 TRACE UserController:39 - user already logged in
2020-07-10 22:22:26 INFO  UserController:36 - Checking to see if Customer session is occupied
2020-07-10 22:22:26 TRACE UserController:39 - user already logged in
2020-07-10 22:22:30 INFO  UserController:36 - Checking to see if Customer session is occupied
2020-07-10 22:22:30 TRACE UserController:39 - user already logged in
2020-07-10 22:22:30 INFO  UserController:36 - Checking to see if Customer session is occupied
2020-07-10 22:22:30 TRACE UserController:39 - user already logged in
2020-07-10 22:22:59 INFO  UserController:36 - Checking to see if Customer session is occupied
2020-07-10 22:22:59 TRACE UserController:39 - user already logged in
2020-07-10 22:22:59 INFO  UserController:36 - Checking to see if Customer session is occupied
2020-07-10 22:22:59 TRACE UserController:39 - user already logged in
2020-07-10 22:23:08 INFO  UserController:36 - Checking to see if Customer session is occupied
2020-07-10 22:23:08 TRACE UserController:39 - user already logged in
2020-07-10 22:23:08 INFO  UserController:36 - Checking to see if Customer session is occupied
2020-07-10 22:23:08 TRACE UserController:39 - user already logged in
2020-07-10 22:24:26 INFO  UserController:36 - Checking to see if Customer session is occupied
2020-07-10 22:24:26 TRACE UserController:39 - user already logged in
2020-07-10 22:24:26 INFO  UserController:36 - Checking to see if Customer session is occupied
2020-07-10 22:24:26 TRACE UserController:39 - user already logged in
2020-07-10 22:24:34 INFO  UserController:36 - Checking to see if Customer session is occupied
2020-07-10 22:24:34 TRACE UserController:39 - user already logged in
2020-07-10 22:24:34 INFO  UserController:36 - Checking to see if Customer session is occupied
2020-07-10 22:24:34 TRACE UserController:39 - user already logged in
2020-07-10 22:25:21 INFO  UserController:36 - Checking to see if Customer session is occupied
2020-07-10 22:25:21 TRACE UserController:39 - user already logged in
2020-07-10 22:25:21 INFO  UserController:36 - Checking to see if Customer session is occupied
2020-07-10 22:25:21 TRACE UserController:39 - user already logged in
2020-07-10 22:25:32 INFO  UserController:36 - Checking to see if Customer session is occupied
2020-07-10 22:25:32 TRACE UserController:39 - user already logged in
2020-07-10 22:25:32 INFO  UserController:36 - Checking to see if Customer session is occupied
2020-07-10 22:25:32 TRACE UserController:39 - user already logged in
2020-07-10 22:25:57 INFO  UserController:36 - Checking to see if Customer session is occupied
2020-07-10 22:25:57 TRACE UserController:39 - user already logged in
2020-07-10 22:25:57 INFO  UserController:36 - Checking to see if Customer session is occupied
2020-07-10 22:25:57 TRACE UserController:39 - user already logged in
2020-07-10 22:26:23 INFO  UserController:36 - Checking to see if Customer session is occupied
2020-07-10 22:26:23 TRACE UserController:39 - user already logged in
2020-07-10 22:26:23 INFO  UserController:36 - Checking to see if Customer session is occupied
2020-07-10 22:26:23 TRACE UserController:39 - user already logged in
2020-07-10 22:26:42 INFO  UserController:36 - Checking to see if Customer session is occupied
2020-07-10 22:26:42 TRACE UserController:39 - user already logged in
2020-07-10 22:26:43 INFO  UserController:36 - Checking to see if Customer session is occupied
2020-07-10 22:26:43 TRACE UserController:39 - user already logged in
2020-07-10 22:26:55 INFO  UserController:78 - User has been logged out
2020-07-10 22:26:56 INFO  UserController:36 - Checking to see if Customer session is occupied
2020-07-10 22:26:56 TRACE UserController:41 - user is not logged in
2020-07-10 22:26:56 INFO  UserController:36 - Checking to see if Customer session is occupied
2020-07-10 22:26:56 TRACE UserController:41 - user is not logged in
2020-07-10 22:27:04 TRACE UserController:62 - User is not in session, attempting to log in with username jordythen and password pass
2020-07-10 22:27:04 TRACE UserOracle:56 - Retrieving person by username and password
2020-07-10 22:27:04 TRACE UserOracle:66 - Person with username jordythen was found!
2020-07-10 22:27:04 TRACE UserOracle:70 - This person is a customer
2020-07-10 22:27:05 INFO  UserController:65 - User was found!
2020-07-10 22:27:05 INFO  UserController:36 - Checking to see if Customer session is occupied
2020-07-10 22:27:05 TRACE UserController:39 - user already logged in
2020-07-10 22:27:05 INFO  UserController:36 - Checking to see if Customer session is occupied
2020-07-10 22:27:05 TRACE UserController:39 - user already logged in
2020-07-10 22:27:49 INFO  UserController:36 - Checking to see if Customer session is occupied
2020-07-10 22:27:49 TRACE UserController:39 - user already logged in
2020-07-10 22:27:49 INFO  UserController:36 - Checking to see if Customer session is occupied
2020-07-10 22:27:49 TRACE UserController:39 - user already logged in
2020-07-10 22:28:13 INFO  UserController:36 - Checking to see if Customer session is occupied
2020-07-10 22:28:13 TRACE UserController:39 - user already logged in
2020-07-10 22:28:13 INFO  UserController:36 - Checking to see if Customer session is occupied
2020-07-10 22:28:13 TRACE UserController:39 - user already logged in
2020-07-10 22:28:17 INFO  UserController:36 - Checking to see if Customer session is occupied
2020-07-10 22:28:17 TRACE UserController:39 - user already logged in
2020-07-10 22:28:17 INFO  UserController:36 - Checking to see if Customer session is occupied
2020-07-10 22:28:17 TRACE UserController:39 - user already logged in
2020-07-10 22:28:52 INFO  UserController:78 - User has been logged out
2020-07-10 22:28:53 INFO  UserController:36 - Checking to see if Customer session is occupied
2020-07-10 22:28:53 TRACE UserController:41 - user is not logged in
2020-07-10 22:28:53 INFO  UserController:36 - Checking to see if Customer session is occupied
2020-07-10 22:28:53 TRACE UserController:41 - user is not logged in
2020-07-10 22:29:03 INFO  UserController:36 - Checking to see if Customer session is occupied
2020-07-10 22:29:03 TRACE UserController:41 - user is not logged in
2020-07-10 22:29:03 INFO  UserController:36 - Checking to see if Customer session is occupied
2020-07-10 22:29:03 TRACE UserController:41 - user is not logged in
2020-07-10 22:29:06 TRACE UserController:62 - User is not in session, attempting to log in with username jordythen and password pass
2020-07-10 22:29:06 TRACE UserOracle:56 - Retrieving person by username and password
2020-07-10 22:29:06 TRACE UserOracle:66 - Person with username jordythen was found!
2020-07-10 22:29:06 TRACE UserOracle:70 - This person is a customer
2020-07-10 22:29:06 INFO  UserController:65 - User was found!
2020-07-10 22:29:07 INFO  UserController:36 - Checking to see if Customer session is occupied
2020-07-10 22:29:07 TRACE UserController:39 - user already logged in
2020-07-10 22:29:07 INFO  UserController:36 - Checking to see if Customer session is occupied
2020-07-10 22:29:07 TRACE UserController:39 - user already logged in
2020-07-10 22:29:51 INFO  UserController:36 - Checking to see if Customer session is occupied
2020-07-10 22:29:51 TRACE UserController:39 - user already logged in
2020-07-10 22:29:51 INFO  UserController:36 - Checking to see if Customer session is occupied
2020-07-10 22:29:51 TRACE UserController:39 - user already logged in
